[debug] [2022-08-22T18:32:34.610Z] ----------------------------------------------------------------------
[debug] [2022-08-22T18:32:34.612Z] Command:       C:\Program Files\nodejs\node.exe C:\Users\BIVI\AppData\Roaming\npm\node_modules\firebase-tools\lib\bin\firebase.js deploy
[debug] [2022-08-22T18:32:34.613Z] CLI Version:   11.8.0
[debug] [2022-08-22T18:32:34.613Z] Platform:      win32
[debug] [2022-08-22T18:32:34.613Z] Node Version:  v16.17.0
[debug] [2022-08-22T18:32:34.614Z] Time:          Mon Aug 22 2022 20:32:34 GMT+0200 (heure d’été d’Europe centrale)
[debug] [2022-08-22T18:32:34.614Z] ----------------------------------------------------------------------
[debug] 
[debug] [2022-08-22T18:32:34.683Z] > command requires scopes: ["email","openid","https://www.googleapis.com/auth/cloudplatformprojects.readonly","https://www.googleapis.com/auth/firebase","https://www.googleapis.com/auth/cloud-platform"]
[debug] [2022-08-22T18:32:34.683Z] > authorizing via signed-in user (billot.vivien@gmail.com)
[debug] [2022-08-22T18:32:34.684Z] [iam] checking project vivienbillot-b0ba8 for permissions ["firebase.projects.get","firebasehosting.sites.update"]
[debug] [2022-08-22T18:32:34.685Z] > refreshing access token with scopes: []
[debug] [2022-08-22T18:32:34.687Z] >>> [apiv2][query] POST https://www.googleapis.com/oauth2/v3/token [none]
[debug] [2022-08-22T18:32:34.687Z] >>> [apiv2][body] POST https://www.googleapis.com/oauth2/v3/token [omitted]
[debug] [2022-08-22T18:32:34.807Z] <<< [apiv2][status] POST https://www.googleapis.com/oauth2/v3/token 400
[debug] [2022-08-22T18:32:34.807Z] <<< [apiv2][body] POST https://www.googleapis.com/oauth2/v3/token [omitted]
[debug] [2022-08-22T18:32:34.808Z] >>> [apiv2][query] POST https://cloudresourcemanager.googleapis.com/v1/projects/vivienbillot-b0ba8:testIamPermissions [none]
[debug] [2022-08-22T18:32:34.808Z] >>> [apiv2][(partial)header] POST https://cloudresourcemanager.googleapis.com/v1/projects/vivienbillot-b0ba8:testIamPermissions x-goog-quota-user=projects/vivienbillot-b0ba8
[debug] [2022-08-22T18:32:34.808Z] >>> [apiv2][body] POST https://cloudresourcemanager.googleapis.com/v1/projects/vivienbillot-b0ba8:testIamPermissions {"permissions":["firebase.projects.get","firebasehosting.sites.update"]}
[debug] [2022-08-22T18:32:35.495Z] <<< [apiv2][status] POST https://cloudresourcemanager.googleapis.com/v1/projects/vivienbillot-b0ba8:testIamPermissions 401
[debug] [2022-08-22T18:32:35.496Z] <<< [apiv2][body] POST https://cloudresourcemanager.googleapis.com/v1/projects/vivienbillot-b0ba8:testIamPermissions {"error":{"code":401,"message":"Request had invalid authentication credentials. Expected OAuth 2 access token, login cookie or other valid authentication credential. See https://developers.google.com/identity/sign-in/web/devconsole-project.","status":"UNAUTHENTICATED","details":[{"@type":"type.googleapis.com/google.rpc.ErrorInfo","reason":"ACCESS_TOKEN_TYPE_UNSUPPORTED","metadata":{"service":"cloudresourcemanager.googleapis.com","method":"google.cloudresourcemanager.v1.Projects.TestIamPermissions"}}]}}
[debug] [2022-08-22T18:32:35.499Z] [iam] error while checking permissions, command may fail: FirebaseError: HTTP Error: 401, Request had invalid authentication credentials. Expected OAuth 2 access token, login cookie or other valid authentication credential. See https://developers.google.com/identity/sign-in/web/devconsole-project.
[debug] [2022-08-22T18:32:35.500Z] > refreshing access token with scopes: []
[debug] [2022-08-22T18:32:35.501Z] >>> [apiv2][query] POST https://www.googleapis.com/oauth2/v3/token [none]
[debug] [2022-08-22T18:32:35.502Z] >>> [apiv2][body] POST https://www.googleapis.com/oauth2/v3/token [omitted]
[debug] [2022-08-22T18:32:35.572Z] <<< [apiv2][status] POST https://www.googleapis.com/oauth2/v3/token 400
[debug] [2022-08-22T18:32:35.572Z] <<< [apiv2][body] POST https://www.googleapis.com/oauth2/v3/token [omitted]
[debug] [2022-08-22T18:32:35.574Z] >>> [apiv2][query] GET https://firebase.googleapis.com/v1beta1/projects/vivienbillot-b0ba8 [none]
[debug] [2022-08-22T18:32:35.685Z] <<< [apiv2][status] GET https://firebase.googleapis.com/v1beta1/projects/vivienbillot-b0ba8 401
[debug] [2022-08-22T18:32:35.685Z] <<< [apiv2][body] GET https://firebase.googleapis.com/v1beta1/projects/vivienbillot-b0ba8 {"error":{"code":401,"message":"Request had invalid authentication credentials. Expected OAuth 2 access token, login cookie or other valid authentication credential. See https://developers.google.com/identity/sign-in/web/devconsole-project.","status":"UNAUTHENTICATED"}}
[debug] [2022-08-22T18:32:35.686Z] HTTP Error: 401, Request had invalid authentication credentials. Expected OAuth 2 access token, login cookie or other valid authentication credential. See https://developers.google.com/identity/sign-in/web/devconsole-project.
[debug] [2022-08-22T18:32:35.754Z] FirebaseError: HTTP Error: 401, Request had invalid authentication credentials. Expected OAuth 2 access token, login cookie or other valid authentication credential. See https://developers.google.com/identity/sign-in/web/devconsole-project.
    at responseToError (C:\Users\BIVI\AppData\Roaming\npm\node_modules\firebase-tools\lib\responseToError.js:49:12)
    at RetryOperation._fn (C:\Users\BIVI\AppData\Roaming\npm\node_modules\firebase-tools\lib\apiv2.js:288:77)
    at processTicksAndRejections (node:internal/process/task_queues:96:5)
[error] 
[error] Error: Failed to get Firebase project vivienbillot-b0ba8. Please make sure the project exists and your account has permission to access it.
[debug] [2022-08-22T18:35:13.818Z] ----------------------------------------------------------------------
[debug] [2022-08-22T18:35:13.820Z] Command:       C:\Program Files\nodejs\node.exe C:\Users\BIVI\AppData\Roaming\npm\node_modules\firebase-tools\lib\bin\firebase.js deploy
[debug] [2022-08-22T18:35:13.821Z] CLI Version:   11.8.0
[debug] [2022-08-22T18:35:13.821Z] Platform:      win32
[debug] [2022-08-22T18:35:13.821Z] Node Version:  v16.17.0
[debug] [2022-08-22T18:35:13.823Z] Time:          Mon Aug 22 2022 20:35:13 GMT+0200 (heure d’été d’Europe centrale)
[debug] [2022-08-22T18:35:13.823Z] ----------------------------------------------------------------------
[debug] 
[debug] [2022-08-22T18:35:13.893Z] > command requires scopes: ["email","openid","https://www.googleapis.com/auth/cloudplatformprojects.readonly","https://www.googleapis.com/auth/firebase","https://www.googleapis.com/auth/cloud-platform"]
[debug] [2022-08-22T18:35:13.893Z] > authorizing via signed-in user (billot.vivien@gmail.com)
[debug] [2022-08-22T18:35:13.893Z] [iam] checking project vivienbillot-b0ba8 for permissions ["firebase.projects.get","firebasehosting.sites.update"]
[debug] [2022-08-22T18:35:13.895Z] > refreshing access token with scopes: []
[debug] [2022-08-22T18:35:13.897Z] >>> [apiv2][query] POST https://www.googleapis.com/oauth2/v3/token [none]
[debug] [2022-08-22T18:35:13.897Z] >>> [apiv2][body] POST https://www.googleapis.com/oauth2/v3/token [omitted]
[debug] [2022-08-22T18:35:14.056Z] <<< [apiv2][status] POST https://www.googleapis.com/oauth2/v3/token 400
[debug] [2022-08-22T18:35:14.057Z] <<< [apiv2][body] POST https://www.googleapis.com/oauth2/v3/token [omitted]
[debug] [2022-08-22T18:35:14.059Z] >>> [apiv2][query] POST https://cloudresourcemanager.googleapis.com/v1/projects/vivienbillot-b0ba8:testIamPermissions [none]
[debug] [2022-08-22T18:35:14.059Z] >>> [apiv2][(partial)header] POST https://cloudresourcemanager.googleapis.com/v1/projects/vivienbillot-b0ba8:testIamPermissions x-goog-quota-user=projects/vivienbillot-b0ba8
[debug] [2022-08-22T18:35:14.060Z] >>> [apiv2][body] POST https://cloudresourcemanager.googleapis.com/v1/projects/vivienbillot-b0ba8:testIamPermissions {"permissions":["firebase.projects.get","firebasehosting.sites.update"]}
[debug] [2022-08-22T18:35:14.798Z] <<< [apiv2][status] POST https://cloudresourcemanager.googleapis.com/v1/projects/vivienbillot-b0ba8:testIamPermissions 401
[debug] [2022-08-22T18:35:14.798Z] <<< [apiv2][body] POST https://cloudresourcemanager.googleapis.com/v1/projects/vivienbillot-b0ba8:testIamPermissions {"error":{"code":401,"message":"Request had invalid authentication credentials. Expected OAuth 2 access token, login cookie or other valid authentication credential. See https://developers.google.com/identity/sign-in/web/devconsole-project.","status":"UNAUTHENTICATED","details":[{"@type":"type.googleapis.com/google.rpc.ErrorInfo","reason":"ACCESS_TOKEN_TYPE_UNSUPPORTED","metadata":{"method":"google.cloudresourcemanager.v1.Projects.TestIamPermissions","service":"cloudresourcemanager.googleapis.com"}}]}}
[debug] [2022-08-22T18:35:14.802Z] [iam] error while checking permissions, command may fail: FirebaseError: HTTP Error: 401, Request had invalid authentication credentials. Expected OAuth 2 access token, login cookie or other valid authentication credential. See https://developers.google.com/identity/sign-in/web/devconsole-project.
[debug] [2022-08-22T18:35:14.804Z] > refreshing access token with scopes: []
[debug] [2022-08-22T18:35:14.807Z] >>> [apiv2][query] POST https://www.googleapis.com/oauth2/v3/token [none]
[debug] [2022-08-22T18:35:14.808Z] >>> [apiv2][body] POST https://www.googleapis.com/oauth2/v3/token [omitted]
[debug] [2022-08-22T18:35:14.890Z] <<< [apiv2][status] POST https://www.googleapis.com/oauth2/v3/token 400
[debug] [2022-08-22T18:35:14.891Z] <<< [apiv2][body] POST https://www.googleapis.com/oauth2/v3/token [omitted]
[debug] [2022-08-22T18:35:14.893Z] >>> [apiv2][query] GET https://firebase.googleapis.com/v1beta1/projects/vivienbillot-b0ba8 [none]
[debug] [2022-08-22T18:35:14.987Z] <<< [apiv2][status] GET https://firebase.googleapis.com/v1beta1/projects/vivienbillot-b0ba8 401
[debug] [2022-08-22T18:35:14.987Z] <<< [apiv2][body] GET https://firebase.googleapis.com/v1beta1/projects/vivienbillot-b0ba8 {"error":{"code":401,"message":"Request had invalid authentication credentials. Expected OAuth 2 access token, login cookie or other valid authentication credential. See https://developers.google.com/identity/sign-in/web/devconsole-project.","status":"UNAUTHENTICATED"}}
[debug] [2022-08-22T18:35:14.988Z] HTTP Error: 401, Request had invalid authentication credentials. Expected OAuth 2 access token, login cookie or other valid authentication credential. See https://developers.google.com/identity/sign-in/web/devconsole-project.
[debug] [2022-08-22T18:35:15.056Z] FirebaseError: HTTP Error: 401, Request had invalid authentication credentials. Expected OAuth 2 access token, login cookie or other valid authentication credential. See https://developers.google.com/identity/sign-in/web/devconsole-project.
    at responseToError (C:\Users\BIVI\AppData\Roaming\npm\node_modules\firebase-tools\lib\responseToError.js:49:12)
    at RetryOperation._fn (C:\Users\BIVI\AppData\Roaming\npm\node_modules\firebase-tools\lib\apiv2.js:288:77)
    at processTicksAndRejections (node:internal/process/task_queues:96:5)
[error] 
[error] Error: Failed to get Firebase project vivienbillot-b0ba8. Please make sure the project exists and your account has permission to access it.
[debug] [2022-08-22T18:36:18.433Z] ----------------------------------------------------------------------
[debug] [2022-08-22T18:36:18.435Z] Command:       C:\Program Files\nodejs\node.exe C:\Users\BIVI\AppData\Roaming\npm\node_modules\firebase-tools\lib\bin\firebase.js deploy --interactive
[debug] [2022-08-22T18:36:18.436Z] CLI Version:   11.8.0
[debug] [2022-08-22T18:36:18.436Z] Platform:      win32
[debug] [2022-08-22T18:36:18.436Z] Node Version:  v16.17.0
[debug] [2022-08-22T18:36:18.438Z] Time:          Mon Aug 22 2022 20:36:18 GMT+0200 (heure d’été d’Europe centrale)
[debug] [2022-08-22T18:36:18.439Z] ----------------------------------------------------------------------
[debug] 
[debug] [2022-08-22T18:36:18.551Z] > command requires scopes: ["email","openid","https://www.googleapis.com/auth/cloudplatformprojects.readonly","https://www.googleapis.com/auth/firebase","https://www.googleapis.com/auth/cloud-platform"]
[debug] [2022-08-22T18:36:18.552Z] > authorizing via signed-in user (billot.vivien@gmail.com)
[debug] [2022-08-22T18:36:18.552Z] [iam] checking project vivienbillot-b0ba8 for permissions ["firebase.projects.get","firebasehosting.sites.update"]
[debug] [2022-08-22T18:36:18.554Z] > refreshing access token with scopes: []
[debug] [2022-08-22T18:36:18.556Z] >>> [apiv2][query] POST https://www.googleapis.com/oauth2/v3/token [none]
[debug] [2022-08-22T18:36:18.556Z] >>> [apiv2][body] POST https://www.googleapis.com/oauth2/v3/token [omitted]
[debug] [2022-08-22T18:36:44.181Z] [iam] error while checking permissions, command may fail: FirebaseError: Authentication Error: Your credentials are no longer valid. Please run firebase login --reauth

For CI servers and headless environments, generate a new token with firebase login:ci
[debug] [2022-08-22T18:36:44.184Z] > refreshing access token with scopes: []
[debug] [2022-08-22T18:36:44.186Z] >>> [apiv2][query] POST https://www.googleapis.com/oauth2/v3/token [none]
[debug] [2022-08-22T18:36:44.187Z] >>> [apiv2][body] POST https://www.googleapis.com/oauth2/v3/token [omitted]
[debug] [2022-08-22T18:37:00.141Z] Authentication Error: Your credentials are no longer valid. Please run firebase login --reauth

For CI servers and headless environments, generate a new token with firebase login:ci
[debug] [2022-08-22T18:37:02.233Z] FirebaseError: Authentication Error: Your credentials are no longer valid. Please run firebase login --reauth

For CI servers and headless environments, generate a new token with firebase login:ci
    at invalidCredentialError (C:\Users\BIVI\AppData\Roaming\npm\node_modules\firebase-tools\lib\auth.js:144:12)
    at refreshTokens (C:\Users\BIVI\AppData\Roaming\npm\node_modules\firebase-tools\lib\auth.js:508:15)
    at processTicksAndRejections (node:internal/process/task_queues:96:5)
    at async Client.getAccessToken (C:\Users\BIVI\AppData\Roaming\npm\node_modules\firebase-tools\lib\apiv2.js:149:23)
    at async Client.addAuthHeader (C:\Users\BIVI\AppData\Roaming\npm\node_modules\firebase-tools\lib\apiv2.js:140:21)
    at async Client.request (C:\Users\BIVI\AppData\Roaming\npm\node_modules\firebase-tools\lib\apiv2.js:96:34)
    at async getFirebaseProject (C:\Users\BIVI\AppData\Roaming\npm\node_modules\firebase-tools\lib\management\projects.js:295:21)
    at async getDefaultHostingSite (C:\Users\BIVI\AppData\Roaming\npm\node_modules\firebase-tools\lib\getDefaultHostingSite.js:8:21)
    at async requireHostingSite (C:\Users\BIVI\AppData\Roaming\npm\node_modules\firebase-tools\lib\requireHostingSite.js:9:18)
    at async Object.fn (C:\Users\BIVI\AppData\Roaming\npm\node_modules\firebase-tools\lib\commands\deploy.js:74:9)
    at async C:\Users\BIVI\AppData\Roaming\npm\node_modules\firebase-tools\lib\command.js:214:17
[error] 
[error] Error: Failed to get Firebase project vivienbillot-b0ba8. Please make sure the project exists and your account has permission to access it.
[debug] [2022-08-22T18:44:58.262Z] ----------------------------------------------------------------------
[debug] [2022-08-22T18:44:58.264Z] Command:       C:\Program Files\nodejs\node.exe C:\Users\BIVI\AppData\Roaming\npm\node_modules\firebase-tools\lib\bin\firebase.js init
[debug] [2022-08-22T18:44:58.265Z] CLI Version:   11.8.0
[debug] [2022-08-22T18:44:58.265Z] Platform:      win32
[debug] [2022-08-22T18:44:58.265Z] Node Version:  v16.17.0
[debug] [2022-08-22T18:44:58.266Z] Time:          Mon Aug 22 2022 20:44:58 GMT+0200 (heure d’été d’Europe centrale)
[debug] [2022-08-22T18:44:58.267Z] ----------------------------------------------------------------------
[debug] 
[debug] [2022-08-22T18:44:58.337Z] > command requires scopes: ["email","openid","https://www.googleapis.com/auth/cloudplatformprojects.readonly","https://www.googleapis.com/auth/firebase","https://www.googleapis.com/auth/cloud-platform"]
[debug] [2022-08-22T18:44:58.338Z] > authorizing via signed-in user (billot.vivien@gmail.com)
[info] 
     ######## #### ########  ######## ########     ###     ######  ########
     ##        ##  ##     ## ##       ##     ##  ##   ##  ##       ##
     ######    ##  ########  ######   ########  #########  ######  ######
     ##        ##  ##    ##  ##       ##     ## ##     ##       ## ##
     ##       #### ##     ## ######## ########  ##     ##  ######  ########

You're about to initialize a Firebase project in this directory:

  C:\PersonalPage\VivienBillot\MyWebPage

Before we get started, keep in mind:

  * You are currently outside your home directory
  * You are initializing within an existing Firebase project directory

[info] 
=== Project Setup
[info] 
[info] First, let's associate this project directory with a Firebase project.
[info] You can create multiple project aliases by running firebase use --add, 
[info] but for now we'll just set up a default project.
[info] 
[debug] [2022-08-22T18:45:32.791Z] Using project from CLI flag: vivienbillot-b0ba8
[debug] [2022-08-22T18:45:32.793Z] > refreshing access token with scopes: []
[debug] [2022-08-22T18:45:32.795Z] >>> [apiv2][query] POST https://www.googleapis.com/oauth2/v3/token [none]
[debug] [2022-08-22T18:45:32.795Z] >>> [apiv2][body] POST https://www.googleapis.com/oauth2/v3/token [omitted]
[debug] [2022-08-22T18:45:32.906Z] <<< [apiv2][status] POST https://www.googleapis.com/oauth2/v3/token 400
[debug] [2022-08-22T18:45:32.907Z] <<< [apiv2][body] POST https://www.googleapis.com/oauth2/v3/token [omitted]
[debug] [2022-08-22T18:45:32.908Z] >>> [apiv2][query] GET https://firebase.googleapis.com/v1beta1/projects/vivienbillot-b0ba8 [none]
[debug] [2022-08-22T18:45:33.035Z] <<< [apiv2][status] GET https://firebase.googleapis.com/v1beta1/projects/vivienbillot-b0ba8 401
[debug] [2022-08-22T18:45:33.036Z] <<< [apiv2][body] GET https://firebase.googleapis.com/v1beta1/projects/vivienbillot-b0ba8 {"error":{"code":401,"message":"Request had invalid authentication credentials. Expected OAuth 2 access token, login cookie or other valid authentication credential. See https://developers.google.com/identity/sign-in/web/devconsole-project.","status":"UNAUTHENTICATED"}}
[debug] [2022-08-22T18:45:33.037Z] HTTP Error: 401, Request had invalid authentication credentials. Expected OAuth 2 access token, login cookie or other valid authentication credential. See https://developers.google.com/identity/sign-in/web/devconsole-project.
[debug] [2022-08-22T18:45:33.152Z] FirebaseError: HTTP Error: 401, Request had invalid authentication credentials. Expected OAuth 2 access token, login cookie or other valid authentication credential. See https://developers.google.com/identity/sign-in/web/devconsole-project.
    at responseToError (C:\Users\BIVI\AppData\Roaming\npm\node_modules\firebase-tools\lib\responseToError.js:49:12)
    at RetryOperation._fn (C:\Users\BIVI\AppData\Roaming\npm\node_modules\firebase-tools\lib\apiv2.js:288:77)
    at processTicksAndRejections (node:internal/process/task_queues:96:5)
[error] 
[error] Error: Failed to get Firebase project vivienbillot-b0ba8. Please make sure the project exists and your account has permission to access it.
